<?xml version="1.0" encoding="UTF-8"?>
<testng-results skipped="0" failed="0" ignored="0" total="4" passed="4">
  <reporter-output>
  </reporter-output>
  <suite name="Default suite" duration-ms="32295" started-at="2023-03-20T19:49:21 PDT" finished-at="2023-03-20T19:49:53 PDT">
    <groups>
      <group name="cucumber">
        <method signature="AbstractTestNGCucumberTests.runScenario(io.cucumber.testng.PickleWrapper, io.cucumber.testng.FeatureWrapper)[pri:0, instance:testRunner.testRun$TestRun@733037]" name="runScenario" class="io.cucumber.testng.AbstractTestNGCucumberTests"/>
      </group> <!-- cucumber -->
    </groups>
    <test name="Default test" duration-ms="32295" started-at="2023-03-20T19:49:21 PDT" finished-at="2023-03-20T19:49:53 PDT">
      <class name="testRunner.testRun$TestRun">
        <test-method status="PASS" signature="setUpClass(org.testng.ITestContext)[pri:0, instance:testRunner.testRun$TestRun@733037]" name="setUpClass" is-config="true" duration-ms="2442" started-at="2023-03-20T19:49:21 PDT" finished-at="2023-03-20T19:49:23 PDT">
          <params>
            <param index="0">
              <value>
                <![CDATA[org.testng.TestRunner@3fd93330]]>
              </value>
            </param>
          </params>
          <reporter-output>
          </reporter-output>
        </test-method> <!-- setUpClass -->
        <test-method status="PASS" signature="runScenario(io.cucumber.testng.PickleWrapper, io.cucumber.testng.FeatureWrapper)[pri:0, instance:testRunner.testRun$TestRun@733037]" name="runScenario" duration-ms="11932" started-at="2023-03-20T19:49:23 PDT" description="Runs Cucumber Scenarios" data-provider="scenarios" finished-at="2023-03-20T19:49:35 PDT">
          <params>
            <param index="0">
              <value>
                <![CDATA["Sign in  with valid credentials"]]>
              </value>
            </param>
            <param index="1">
              <value>
                <![CDATA["Login feature"]]>
              </value>
            </param>
          </params>
          <reporter-output>
          </reporter-output>
        </test-method> <!-- runScenario -->
        <test-method status="PASS" signature="runScenario(io.cucumber.testng.PickleWrapper, io.cucumber.testng.FeatureWrapper)[pri:0, instance:testRunner.testRun$TestRun@733037]" name="runScenario" duration-ms="5659" started-at="2023-03-20T19:49:36 PDT" description="Runs Cucumber Scenarios" data-provider="scenarios" finished-at="2023-03-20T19:49:41 PDT">
          <params>
            <param index="0">
              <value>
                <![CDATA["Sign in with invalid credentials"]]>
              </value>
            </param>
            <param index="1">
              <value>
                <![CDATA["Login feature"]]>
              </value>
            </param>
          </params>
          <reporter-output>
          </reporter-output>
        </test-method> <!-- runScenario -->
        <test-method status="PASS" signature="runScenario(io.cucumber.testng.PickleWrapper, io.cucumber.testng.FeatureWrapper)[pri:0, instance:testRunner.testRun$TestRun@733037]" name="runScenario" duration-ms="5487" started-at="2023-03-20T19:49:41 PDT" description="Runs Cucumber Scenarios" data-provider="scenarios" finished-at="2023-03-20T19:49:47 PDT">
          <params>
            <param index="0">
              <value>
                <![CDATA["Sign in with invalid credentials"]]>
              </value>
            </param>
            <param index="1">
              <value>
                <![CDATA["Login feature"]]>
              </value>
            </param>
          </params>
          <reporter-output>
          </reporter-output>
        </test-method> <!-- runScenario -->
        <test-method status="PASS" signature="runScenario(io.cucumber.testng.PickleWrapper, io.cucumber.testng.FeatureWrapper)[pri:0, instance:testRunner.testRun$TestRun@733037]" name="runScenario" duration-ms="5630" started-at="2023-03-20T19:49:47 PDT" description="Runs Cucumber Scenarios" data-provider="scenarios" finished-at="2023-03-20T19:49:52 PDT">
          <params>
            <param index="0">
              <value>
                <![CDATA["Sign in with invalid credentials"]]>
              </value>
            </param>
            <param index="1">
              <value>
                <![CDATA["Login feature"]]>
              </value>
            </param>
          </params>
          <reporter-output>
          </reporter-output>
        </test-method> <!-- runScenario -->
        <test-method status="PASS" signature="tearDownClass()[pri:0, instance:testRunner.testRun$TestRun@733037]" name="tearDownClass" is-config="true" duration-ms="840" started-at="2023-03-20T19:49:52 PDT" finished-at="2023-03-20T19:49:53 PDT">
          <reporter-output>
          </reporter-output>
        </test-method> <!-- tearDownClass -->
      </class> <!-- testRunner.testRun$TestRun -->
    </test> <!-- Default test -->
  </suite> <!-- Default suite -->
</testng-results>
