<?xml version="1.0" encoding="UTF-8"?>
<testng-results ignored="0" total="6" passed="6" failed="0" skipped="0">
  <reporter-output>
  </reporter-output>
  <suite started-at="2023-03-06T22:07:56 PST" name="Default suite" finished-at="2023-03-06T22:08:42 PST" duration-ms="46012">
    <groups>
      <group name="cucumber">
        <method signature="AbstractTestNGCucumberTests.runScenario(io.cucumber.testng.PickleWrapper, io.cucumber.testng.FeatureWrapper)[pri:0, instance:testRunner.testRun$TestRun@3cee53dc]" name="runScenario" class="io.cucumber.testng.AbstractTestNGCucumberTests"/>
      </group> <!-- cucumber -->
    </groups>
    <test started-at="2023-03-06T22:07:56 PST" name="Default test" finished-at="2023-03-06T22:08:42 PST" duration-ms="46012">
      <class name="testRunner.testRun$TestRun">
        <test-method is-config="true" signature="setUpClass(org.testng.ITestContext)[pri:0, instance:testRunner.testRun$TestRun@3cee53dc]" started-at="2023-03-06T22:07:56 PST" name="setUpClass" finished-at="2023-03-06T22:07:58 PST" duration-ms="1763" status="PASS">
          <params>
            <param index="0">
              <value>
                <![CDATA[org.testng.TestRunner@27777afd]]>
              </value>
            </param>
          </params>
          <reporter-output>
          </reporter-output>
        </test-method> <!-- setUpClass -->
        <test-method signature="runScenario(io.cucumber.testng.PickleWrapper, io.cucumber.testng.FeatureWrapper)[pri:0, instance:testRunner.testRun$TestRun@3cee53dc]" started-at="2023-03-06T22:07:58 PST" name="runScenario" description="Runs Cucumber Scenarios" data-provider="scenarios" finished-at="2023-03-06T22:08:12 PST" duration-ms="14298" status="PASS">
          <params>
            <param index="0">
              <value>
                <![CDATA["Click Linked List Get Started button"]]>
              </value>
            </param>
            <param index="1">
              <value>
                <![CDATA["Linked List Tab"]]>
              </value>
            </param>
          </params>
          <reporter-output>
          </reporter-output>
        </test-method> <!-- runScenario -->
        <test-method signature="runScenario(io.cucumber.testng.PickleWrapper, io.cucumber.testng.FeatureWrapper)[pri:0, instance:testRunner.testRun$TestRun@3cee53dc]" started-at="2023-03-06T22:08:12 PST" name="runScenario" description="Runs Cucumber Scenarios" data-provider="scenarios" finished-at="2023-03-06T22:08:18 PST" duration-ms="5699" status="PASS">
          <params>
            <param index="0">
              <value>
                <![CDATA["Sign in  with valid credentials"]]>
              </value>
            </param>
            <param index="1">
              <value>
                <![CDATA["Login feature"]]>
              </value>
            </param>
          </params>
          <reporter-output>
          </reporter-output>
        </test-method> <!-- runScenario -->
        <test-method signature="runScenario(io.cucumber.testng.PickleWrapper, io.cucumber.testng.FeatureWrapper)[pri:0, instance:testRunner.testRun$TestRun@3cee53dc]" started-at="2023-03-06T22:08:18 PST" name="runScenario" description="Runs Cucumber Scenarios" data-provider="scenarios" finished-at="2023-03-06T22:08:23 PST" duration-ms="5066" status="PASS">
          <params>
            <param index="0">
              <value>
                <![CDATA["Sign in with invalid credentials"]]>
              </value>
            </param>
            <param index="1">
              <value>
                <![CDATA["Login feature"]]>
              </value>
            </param>
          </params>
          <reporter-output>
          </reporter-output>
        </test-method> <!-- runScenario -->
        <test-method signature="runScenario(io.cucumber.testng.PickleWrapper, io.cucumber.testng.FeatureWrapper)[pri:0, instance:testRunner.testRun$TestRun@3cee53dc]" started-at="2023-03-06T22:08:23 PST" name="runScenario" description="Runs Cucumber Scenarios" data-provider="scenarios" finished-at="2023-03-06T22:08:29 PST" duration-ms="5550" status="PASS">
          <params>
            <param index="0">
              <value>
                <![CDATA["Sign in with invalid credentials"]]>
              </value>
            </param>
            <param index="1">
              <value>
                <![CDATA["Login feature"]]>
              </value>
            </param>
          </params>
          <reporter-output>
          </reporter-output>
        </test-method> <!-- runScenario -->
        <test-method signature="runScenario(io.cucumber.testng.PickleWrapper, io.cucumber.testng.FeatureWrapper)[pri:0, instance:testRunner.testRun$TestRun@3cee53dc]" started-at="2023-03-06T22:08:29 PST" name="runScenario" description="Runs Cucumber Scenarios" data-provider="scenarios" finished-at="2023-03-06T22:08:34 PST" duration-ms="4931" status="PASS">
          <params>
            <param index="0">
              <value>
                <![CDATA["Sign in with invalid credentials"]]>
              </value>
            </param>
            <param index="1">
              <value>
                <![CDATA["Login feature"]]>
              </value>
            </param>
          </params>
          <reporter-output>
          </reporter-output>
        </test-method> <!-- runScenario -->
        <test-method signature="runScenario(io.cucumber.testng.PickleWrapper, io.cucumber.testng.FeatureWrapper)[pri:0, instance:testRunner.testRun$TestRun@3cee53dc]" started-at="2023-03-06T22:08:34 PST" name="runScenario" description="Runs Cucumber Scenarios" data-provider="scenarios" finished-at="2023-03-06T22:08:42 PST" duration-ms="8256" status="PASS">
          <params>
            <param index="0">
              <value>
                <![CDATA["The User able to navigate to operation in stack  page"]]>
              </value>
            </param>
            <param index="1">
              <value>
                <![CDATA["Stack Tab"]]>
              </value>
            </param>
          </params>
          <reporter-output>
          </reporter-output>
        </test-method> <!-- runScenario -->
        <test-method is-config="true" signature="tearDownClass()[pri:0, instance:testRunner.testRun$TestRun@3cee53dc]" started-at="2023-03-06T22:08:42 PST" name="tearDownClass" finished-at="2023-03-06T22:08:42 PST" duration-ms="120" status="PASS">
          <reporter-output>
          </reporter-output>
        </test-method> <!-- tearDownClass -->
      </class> <!-- testRunner.testRun$TestRun -->
    </test> <!-- Default test -->
  </suite> <!-- Default suite -->
</testng-results>
